[debug] [2025-05-05T06:55:43.645Z] ----------------------------------------------------------------------
[debug] [2025-05-05T06:55:43.646Z] Command:       /usr/local/bin/node /usr/local/bin/firebase init
[debug] [2025-05-05T06:55:43.647Z] CLI Version:   14.2.1
[debug] [2025-05-05T06:55:43.647Z] Platform:      darwin
[debug] [2025-05-05T06:55:43.647Z] Node Version:  v20.12.1
[debug] [2025-05-05T06:55:43.647Z] Time:          Mon May 05 2025 16:55:43 GMT+1000 (Australian Eastern Standard Time)
[debug] [2025-05-05T06:55:43.647Z] ----------------------------------------------------------------------
[debug] 
[debug] [2025-05-05T06:55:43.651Z] > command requires scopes: ["email","openid","https://www.googleapis.com/auth/cloudplatformprojects.readonly","https://www.googleapis.com/auth/firebase","https://www.googleapis.com/auth/cloud-platform"]
[debug] [2025-05-05T06:55:43.651Z] > authorizing via signed-in user (103801015@student.swin.edu.au)
[info] 
     ######## #### ########  ######## ########     ###     ######  ########
     ##        ##  ##     ## ##       ##     ##  ##   ##  ##       ##
     ######    ##  ########  ######   ########  #########  ######  ######
     ##        ##  ##    ##  ##       ##     ## ##     ##       ## ##
     ##       #### ##     ## ######## ########  ##     ##  ######  ########

You're about to initialize a Firebase project in this directory:

  /Users/giftttt/Desktop/CAP B/working-handymanproject/HandmanApplication/HandymanWebsite/handyman-admin-dashboard

[info] 
=== Project Setup
[info] 
[info] First, let's associate this project directory with a Firebase project.
[info] You can create multiple project aliases by running firebase use --add, 
[info] but for now we'll just set up a default project.
[info] 
[debug] [2025-05-05T06:56:04.518Z] Checked if tokens are valid: true, expires at: 1746429219740
[debug] [2025-05-05T06:56:04.518Z] Checked if tokens are valid: true, expires at: 1746429219740
[debug] [2025-05-05T06:56:04.520Z] >>> [apiv2][query] GET https://firebase.googleapis.com/v1beta1/projects pageSize=100
[debug] [2025-05-05T06:56:05.364Z] <<< [apiv2][status] GET https://firebase.googleapis.com/v1beta1/projects 200
[debug] [2025-05-05T06:56:05.364Z] <<< [apiv2][body] GET https://firebase.googleapis.com/v1beta1/projects [omitted]
[info] i  Using project handymanapplicationcos40006 (HandymanApplicationCOS40006) 
[info] 
=== Dataconnect Setup
[debug] [2025-05-05T06:56:10.382Z] Checked if tokens are valid: true, expires at: 1746429219740
[debug] [2025-05-05T06:56:10.382Z] Checked if tokens are valid: true, expires at: 1746429219740
[debug] [2025-05-05T06:56:10.382Z] >>> [apiv2][query] GET https://cloudbilling.googleapis.com/v1/projects/handymanapplicationcos40006/billingInfo [none]
[debug] [2025-05-05T06:56:12.214Z] <<< [apiv2][status] GET https://cloudbilling.googleapis.com/v1/projects/handymanapplicationcos40006/billingInfo 200
[debug] [2025-05-05T06:56:12.215Z] <<< [apiv2][body] GET https://cloudbilling.googleapis.com/v1/projects/handymanapplicationcos40006/billingInfo {"name":"projects/handymanapplicationcos40006/billingInfo","projectId":"handymanapplicationcos40006","billingAccountName":"billingAccounts/01E838-358E21-B4F61A","billingEnabled":true}
[info] i  dataconnect: ensuring required API firebasedataconnect.googleapis.com is enabled... 
[debug] [2025-05-05T06:56:12.216Z] Checked if tokens are valid: true, expires at: 1746429219740
[debug] [2025-05-05T06:56:12.216Z] Checked if tokens are valid: true, expires at: 1746429219740
[debug] [2025-05-05T06:56:12.216Z] >>> [apiv2][query] GET https://serviceusage.googleapis.com/v1/projects/handymanapplicationcos40006/services/firebasedataconnect.googleapis.com [none]
[debug] [2025-05-05T06:56:12.216Z] >>> [apiv2][(partial)header] GET https://serviceusage.googleapis.com/v1/projects/handymanapplicationcos40006/services/firebasedataconnect.googleapis.com x-goog-quota-user=projects/handymanapplicationcos40006
[debug] [2025-05-05T06:56:13.655Z] <<< [apiv2][status] GET https://serviceusage.googleapis.com/v1/projects/handymanapplicationcos40006/services/firebasedataconnect.googleapis.com 200
[debug] [2025-05-05T06:56:13.655Z] <<< [apiv2][body] GET https://serviceusage.googleapis.com/v1/projects/handymanapplicationcos40006/services/firebasedataconnect.googleapis.com [omitted]
[info] ✔  dataconnect: required API firebasedataconnect.googleapis.com is enabled 
[info] i  dataconnect: ensuring required API sqladmin.googleapis.com is enabled... 
[debug] [2025-05-05T06:56:13.656Z] Checked if tokens are valid: true, expires at: 1746429219740
[debug] [2025-05-05T06:56:13.656Z] Checked if tokens are valid: true, expires at: 1746429219740
[debug] [2025-05-05T06:56:13.656Z] >>> [apiv2][query] GET https://serviceusage.googleapis.com/v1/projects/handymanapplicationcos40006/services/sqladmin.googleapis.com [none]
[debug] [2025-05-05T06:56:13.656Z] >>> [apiv2][(partial)header] GET https://serviceusage.googleapis.com/v1/projects/handymanapplicationcos40006/services/sqladmin.googleapis.com x-goog-quota-user=projects/handymanapplicationcos40006
[debug] [2025-05-05T06:56:14.131Z] <<< [apiv2][status] GET https://serviceusage.googleapis.com/v1/projects/handymanapplicationcos40006/services/sqladmin.googleapis.com 200
[debug] [2025-05-05T06:56:14.131Z] <<< [apiv2][body] GET https://serviceusage.googleapis.com/v1/projects/handymanapplicationcos40006/services/sqladmin.googleapis.com [omitted]
[info] ✔  dataconnect: required API sqladmin.googleapis.com is enabled 
[info] i  dataconnect: ensuring required API compute.googleapis.com is enabled... 
[debug] [2025-05-05T06:56:14.132Z] Checked if tokens are valid: true, expires at: 1746429219740
[debug] [2025-05-05T06:56:14.132Z] Checked if tokens are valid: true, expires at: 1746429219740
[debug] [2025-05-05T06:56:14.132Z] >>> [apiv2][query] GET https://serviceusage.googleapis.com/v1/projects/handymanapplicationcos40006/services/compute.googleapis.com [none]
[debug] [2025-05-05T06:56:14.132Z] >>> [apiv2][(partial)header] GET https://serviceusage.googleapis.com/v1/projects/handymanapplicationcos40006/services/compute.googleapis.com x-goog-quota-user=projects/handymanapplicationcos40006
[debug] [2025-05-05T06:56:15.237Z] <<< [apiv2][status] GET https://serviceusage.googleapis.com/v1/projects/handymanapplicationcos40006/services/compute.googleapis.com 200
[debug] [2025-05-05T06:56:15.237Z] <<< [apiv2][body] GET https://serviceusage.googleapis.com/v1/projects/handymanapplicationcos40006/services/compute.googleapis.com [omitted]
[info] ✔  dataconnect: required API compute.googleapis.com is enabled 
[debug] [2025-05-05T06:56:15.238Z] Checked if tokens are valid: true, expires at: 1746429219740
[debug] [2025-05-05T06:56:15.239Z] Checked if tokens are valid: true, expires at: 1746429219740
[debug] [2025-05-05T06:56:15.239Z] >>> [apiv2][query] GET https://firebasedataconnect.googleapis.com/v1/projects/handymanapplicationcos40006/locations/-/services [none]
[debug] [2025-05-05T06:56:17.135Z] <<< [apiv2][status] GET https://firebasedataconnect.googleapis.com/v1/projects/handymanapplicationcos40006/locations/-/services 200
[debug] [2025-05-05T06:56:17.135Z] <<< [apiv2][body] GET https://firebasedataconnect.googleapis.com/v1/projects/handymanapplicationcos40006/locations/-/services {}
